<?xml version="1.0" encoding="UTF-8"?>
<!-- Generated by org.testng.reporters.JUnitReportReporter -->
<testsuite hostname="ets-jlt-nesreen" name="Sample" tests="1" failures="0" timestamp="28 Apr 2016 10:52:47 GMT" time="61.951" errors="0">
  <testcase name="main" time="61.951" classname="Sample"/>
</testsuite> <!-- Sample -->
