<?xml version="1.0" encoding="UTF-8"?>
<!-- Generated by org.testng.reporters.JUnitReportReporter -->
<testsuite hostname="JLT01479L" name="Actions.Selendriod" tests="1" failures="0" timestamp="15 Jan 2017 16:49:11 GMT" time="6.849" errors="0">
  <testcase name="function" time="6.849" classname="Actions.Selendriod"/>
</testsuite> <!-- Actions.Selendriod -->
