<?xml version="1.0" encoding="UTF-8"?>
<!-- Generated by org.testng.reporters.JUnitReportReporter -->
<testsuite hostname="JLT01479L" name="TestCases.CreateOrder" tests="1" failures="0" timestamp="16 Jan 2017 07:30:21 GMT" time="199.726" errors="0">
  <testcase name="main" time="199.726" classname="TestCases.CreateOrder"/>
</testsuite> <!-- TestCases.CreateOrder -->
